<?xml version="1.0" encoding="utf-8"?><testsuites><testsuite errors="0" failures="0" hostname="fv-az252-708" name="pytest" skipped="0" tests="3" time="0.186" timestamp="2022-01-07T09:43:01.515817"><testcase classname="tests.test_gen_md" name="test_split_code_and_text_blocks[False]" time="0.010" /><testcase classname="tests.test_gen_md" name="test_split_code_and_text_blocks[True]" time="0.001" /><testcase classname="tests.test_gen_md" name="test_bug_cases_of_notebook_syntax" time="0.003" /></testsuite></testsuites>