<?xml version="1.0" encoding="utf-8"?><testsuites><testsuite errors="0" failures="0" hostname="fv-az246-793" name="pytest" skipped="0" tests="3" time="0.150" timestamp="2022-01-07T16:36:42.459888"><testcase classname="tests.test_gen_md" name="test_split_code_and_text_blocks[False]" time="0.008" /><testcase classname="tests.test_gen_md" name="test_split_code_and_text_blocks[True]" time="0.001" /><testcase classname="tests.test_gen_md" name="test_bug_cases_of_notebook_syntax" time="0.002" /></testsuite></testsuites>