<?xml version="1.0" encoding="utf-8"?><testsuites><testsuite errors="0" failures="0" hostname="fv-az448-575" name="pytest" skipped="0" tests="18" time="10.322" timestamp="2022-03-30T21:26:12.307490"><testcase classname="tests.test_config" name="test_minimal_conf" time="9.668" /><testcase classname="tests.test_gen_md" name="test_split_code_and_text_blocks[False]" time="0.013" /><testcase classname="tests.test_gen_md" name="test_split_code_and_text_blocks[True]" time="0.002" /><testcase classname="tests.test_gen_md" name="test_bug_cases_of_notebook_syntax" time="0.002" /><testcase classname="tests.test_packaging" name="test_packaged_static" time="0.001" /><testcase classname="tests.test_utils.TestFilepathPatternMatch" name="test_ok[filename]" time="0.001" /><testcase classname="tests.test_utils.TestFilepathPatternMatch" name="test_ok[filename\\.ext]" time="0.001" /><testcase classname="tests.test_utils.TestFilepathPatternMatch" name="test_ok[\\.ext]" time="0.001" /><testcase classname="tests.test_utils.TestFilepathPatternMatch" name="test_ok[\\\\filename]" time="0.001" /><testcase classname="tests.test_utils.TestFilepathPatternMatch" name="test_ok[directory]" time="0.001" /><testcase classname="tests.test_utils.TestFilepathPatternMatch" name="test_ok[\\\\directory]" time="0.002" /><testcase classname="tests.test_utils.TestFilepathPatternMatch" name="test_fails[wrong_filename]" time="0.001" /><testcase classname="tests.test_utils.TestFilepathPatternMatch" name="test_fails[wrong_filename\\.ext]" time="0.001" /><testcase classname="tests.test_utils.TestFilepathPatternMatch" name="test_fails[\\.wrong_ext]" time="0.001" /><testcase classname="tests.test_utils.TestFilepathPatternMatch" name="test_fails[\\\\wrong_filename]" time="0.001" /><testcase classname="tests.test_utils.TestFilepathPatternMatch" name="test_fails[wrong_directory]" time="0.001" /><testcase classname="tests.test_utils.TestFilepathPatternMatch" name="test_fails[\\\\wrong_directory]" time="0.001" /><testcase classname="tests.test_utils.TestFilepathPatternMatch" name="test_not_path_raises" time="0.001" /></testsuite></testsuites>