<?xml version="1.0" encoding="utf-8"?><testsuites><testsuite errors="0" failures="0" hostname="fv-az246-31" name="pytest" skipped="0" tests="3" time="0.184" timestamp="2021-12-15T14:22:29.075701"><testcase classname="tests.test_gen_md" name="test_split_code_and_text_blocks[False]" time="0.010" /><testcase classname="tests.test_gen_md" name="test_split_code_and_text_blocks[True]" time="0.001" /><testcase classname="tests.test_gen_md" name="test_bug_cases_of_notebook_syntax" time="0.002" /></testsuite></testsuites>